<?xml version="1.0" encoding="UTF-8"?>
<!-- Generated by org.testng.reporters.JUnitReportReporter -->
<testsuite hostname="SIddu" failures="0" tests="5" name="RunnerFile.StepRunnerFile" time="39.928" errors="0" timestamp="2023-04-22T22:35:50 IST" skipped="0">
  <testcase classname="RunnerFile.StepRunnerFile" name="runScenario" time="8.145"/>
  <system-out/>
  <testcase classname="RunnerFile.StepRunnerFile" name="runScenario" time="8.082"/>
  <system-out/>
  <testcase classname="RunnerFile.StepRunnerFile" name="runScenario" time="7.474"/>
  <system-out/>
  <testcase classname="RunnerFile.StepRunnerFile" name="runScenario" time="8.082"/>
  <system-out/>
  <testcase classname="RunnerFile.StepRunnerFile" name="runScenario" time="8.145"/>
  <system-out/>
</testsuite> <!-- RunnerFile.StepRunnerFile -->
